<?xml version="1.0" encoding="UTF-8"?>
<testng-results skipped="0" failed="0" ignored="0" total="1" passed="1">
  <reporter-output>
  </reporter-output>
  <suite name="Default suite" duration-ms="33474" started-at="2017-05-07T19:30:35Z" finished-at="2017-05-07T19:31:08Z">
    <groups>
    </groups>
    <test name="Default test" duration-ms="33474" started-at="2017-05-07T19:30:35Z" finished-at="2017-05-07T19:31:08Z">
      <class name="com.test.SmokeTest">
        <test-method status="PASS" signature="beforeSuite()[pri:0, instance:com.test.SmokeTest@5e5792a0]" name="beforeSuite" is-config="true" duration-ms="16707" started-at="2017-05-07T12:30:18Z" finished-at="2017-05-07T12:30:35Z">
          <reporter-output>
          </reporter-output>
        </test-method> <!-- beforeSuite -->
        <test-method status="PASS" signature="test1()[pri:0, instance:com.test.SmokeTest@5e5792a0]" name="test1" duration-ms="33369" started-at="2017-05-07T12:30:35Z" finished-at="2017-05-07T12:31:08Z">
          <reporter-output>
          </reporter-output>
        </test-method> <!-- test1 -->
        <test-method status="PASS" signature="afterSuite()[pri:0, instance:com.test.SmokeTest@5e5792a0]" name="afterSuite" is-config="true" duration-ms="3314" started-at="2017-05-07T12:31:08Z" finished-at="2017-05-07T12:31:12Z">
          <reporter-output>
          </reporter-output>
        </test-method> <!-- afterSuite -->
      </class> <!-- com.test.SmokeTest -->
    </test> <!-- Default test -->
  </suite> <!-- Default suite -->
</testng-results>
